<?xml version="1.0" encoding="UTF-8"?>
<testsuite xmlns:xsi="http://www.w3.org/2001/XMLSchema-instance" xsi:noNamespaceSchemaLocation="https://maven.apache.org/surefire/maven-surefire-plugin/xsd/surefire-test-report.xsd" name="TestSuite" time="20.764" tests="4" errors="0" skipped="0" failures="1">
  <properties>
[...]
</properties>
  <testcase name="LoginNameValid" classname="test.RegistrationModuleTest" time="1.905"/>
  <testcase name="MobileFieldValidation" classname="test.RegistrationModuleTest" time="0.228">
    <failure message="unexpected alert open: {Alert text : Login Name Already Exist!}&#10;  (Session info: chrome=114.0.5735.134): Login Name Already Exist!&#10;Build info: version: &apos;4.9.0&apos;, revision: &apos;d7057100a6&apos;&#10;System info: os.name: &apos;Windows 11&apos;, os.arch: &apos;amd64&apos;, os.version: &apos;10.0&apos;, java.version: &apos;17.0.2&apos;&#10;Driver info: org.openqa.selenium.chrome.ChromeDriver&#10;Command: [41147b75227124b0d84e2e46cbedcc46, findElement {using=link text, value=eTicket Login}]&#10;Capabilities {acceptInsecureCerts: false, browserName: chrome, browserVersion: 114.0.5735.134, chrome: {chromedriverVersion: 114.0.5735.90 (386bc09e8f4f..., userDataDir: C:\Users\vjred\AppData\Loca...}, goog:chromeOptions: {debuggerAddress: localhost:50096}, networkConnectionEnabled: false, pageLoadStrategy: normal, platformName: WINDOWS, proxy: Proxy(), se:cdp: ws://localhost:50096/devtoo..., se:cdpVersion: 114.0.5735.134, setWindowRect: true, strictFileInteractability: false, timeouts: {implicit: 0, pageLoad: 300000, script: 30000}, unhandledPromptBehavior: dismiss and notify, webauthn:extension:credBlob: true, webauthn:extension:largeBlob: true, webauthn:extension:minPinLength: true, webauthn:extension:prf: true, webauthn:virtualAuthenticators: true}&#10;Session ID: 41147b75227124b0d84e2e46cbedcc46" type="org.openqa.selenium.UnhandledAlertException">org.openqa.selenium.UnhandledAlertException: 
unexpected alert open: {Alert text : Login Name Already Exist!}
  (Session info: chrome=114.0.5735.134): Login Name Already Exist!
Build info: version: '4.9.0', revision: 'd7057100a6'
System info: os.name: 'Windows 11', os.arch: 'amd64', os.version: '10.0', java.version: '17.0.2'
Driver info: org.openqa.selenium.chrome.ChromeDriver
Command: [41147b75227124b0d84e2e46cbedcc46, findElement {using=link text, value=eTicket Login}]
Capabilities {acceptInsecureCerts: false, browserName: chrome, browserVersion: 114.0.5735.134, chrome: {chromedriverVersion: 114.0.5735.90 (386bc09e8f4f..., userDataDir: C:\Users\vjred\AppData\Loca...}, goog:chromeOptions: {debuggerAddress: localhost:50096}, networkConnectionEnabled: false, pageLoadStrategy: normal, platformName: WINDOWS, proxy: Proxy(), se:cdp: ws://localhost:50096/devtoo..., se:cdpVersion: 114.0.5735.134, setWindowRect: true, strictFileInteractability: false, timeouts: {implicit: 0, pageLoad: 300000, script: 30000}, unhandledPromptBehavior: dismiss and notify, webauthn:extension:credBlob: true, webauthn:extension:largeBlob: true, webauthn:extension:minPinLength: true, webauthn:extension:prf: true, webauthn:virtualAuthenticators: true}
Session ID: 41147b75227124b0d84e2e46cbedcc46
	at test.RegistrationModuleTest.MobileFieldValidation(RegistrationModuleTest.java:85)
</failure>
    <system-out><![CDATA[3
]]></system-out>
  </testcase>
  <testcase name="InvalidLoginValidPassword" classname="test.LoginModuleTest" time="1.198"/>
  <testcase name="EmailCheck" classname="test.ForgetPasswordTest" time="0.568"/>
</testsuite>