<?xml version="1.0" encoding="UTF-8"?>
<testng-results ignored="0" total="4" passed="3" failed="1" skipped="0">
  <reporter-output>
  </reporter-output>
  <suite started-at="2023-06-22T07:59:29 IST" name="Suite" finished-at="2023-06-22T07:59:48 IST" duration-ms="19683">
    <groups>
      <group name="Regression">
        <method signature="ForgetPasswordTest.EmailCheck()[pri:0, instance:test.ForgetPasswordTest@548d708a]" name="EmailCheck" class="test.ForgetPasswordTest"/>
        <method signature="LoginModuleTest.InvalidLoginValidPassword()[pri:0, instance:test.LoginModuleTest@4be29ed9]" name="InvalidLoginValidPassword" class="test.LoginModuleTest"/>
        <method signature="RegistrationModuleTest.LoginNameValid()[pri:0, instance:test.RegistrationModuleTest@74e28667]" name="LoginNameValid" class="test.RegistrationModuleTest"/>
        <method signature="RegistrationModuleTest.MobileFieldValidation()[pri:0, instance:test.RegistrationModuleTest@74e28667]" name="MobileFieldValidation" class="test.RegistrationModuleTest"/>
      </group> <!-- Regression -->
    </groups>
    <test started-at="2023-06-22T07:59:29 IST" name="Test" finished-at="2023-06-22T07:59:48 IST" duration-ms="19683">
      <class name="test.ForgetPasswordTest">
        <test-method is-config="true" signature="ApplicationNavigation()[pri:0, instance:test.ForgetPasswordTest@548d708a]" started-at="2023-06-22T07:59:43 IST" name="ApplicationNavigation" finished-at="2023-06-22T07:59:48 IST" duration-ms="4765" status="PASS">
          <reporter-output>
          </reporter-output>
        </test-method> <!-- ApplicationNavigation -->
        <test-method signature="EmailCheck()[pri:0, instance:test.ForgetPasswordTest@548d708a]" started-at="2023-06-22T07:59:48 IST" name="EmailCheck" finished-at="2023-06-22T07:59:48 IST" duration-ms="568" status="PASS">
          <reporter-output>
          </reporter-output>
        </test-method> <!-- EmailCheck -->
      </class> <!-- test.ForgetPasswordTest -->
      <class name="test.LoginModuleTest">
        <test-method is-config="true" signature="ApplicationNavigation()[pri:0, instance:test.LoginModuleTest@4be29ed9]" started-at="2023-06-22T07:59:38 IST" name="ApplicationNavigation" finished-at="2023-06-22T07:59:42 IST" duration-ms="4300" status="PASS">
          <reporter-output>
          </reporter-output>
        </test-method> <!-- ApplicationNavigation -->
        <test-method signature="InvalidLoginValidPassword()[pri:0, instance:test.LoginModuleTest@4be29ed9]" started-at="2023-06-22T07:59:42 IST" name="InvalidLoginValidPassword" finished-at="2023-06-22T07:59:43 IST" duration-ms="1197" status="PASS">
          <reporter-output>
          </reporter-output>
        </test-method> <!-- InvalidLoginValidPassword -->
      </class> <!-- test.LoginModuleTest -->
      <class name="test.RegistrationModuleTest">
        <test-method is-config="true" signature="ApplicationNavigation()[pri:0, instance:test.RegistrationModuleTest@74e28667]" started-at="2023-06-22T07:59:29 IST" name="ApplicationNavigation" finished-at="2023-06-22T07:59:35 IST" duration-ms="6691" status="PASS">
          <reporter-output>
          </reporter-output>
        </test-method> <!-- ApplicationNavigation -->
        <test-method signature="LoginNameValid()[pri:0, instance:test.RegistrationModuleTest@74e28667]" started-at="2023-06-22T07:59:35 IST" name="LoginNameValid" finished-at="2023-06-22T07:59:37 IST" duration-ms="1903" status="PASS">
          <reporter-output>
          </reporter-output>
        </test-method> <!-- LoginNameValid -->
        <test-method signature="MobileFieldValidation()[pri:0, instance:test.RegistrationModuleTest@74e28667]" started-at="2023-06-22T07:59:37 IST" name="MobileFieldValidation" finished-at="2023-06-22T07:59:37 IST" duration-ms="54" status="FAIL">
          <exception class="org.openqa.selenium.UnhandledAlertException">
            <message>
              <![CDATA[unexpected alert open: {Alert text : Login Name Already Exist!}
  (Session info: chrome=114.0.5735.134): Login Name Already Exist!
Build info: version: '4.9.0', revision: 'd7057100a6'
System info: os.name: 'Windows 11', os.arch: 'amd64', os.version: '10.0', java.version: '17.0.2'
Driver info: org.openqa.selenium.chrome.ChromeDriver
Command: [41147b75227124b0d84e2e46cbedcc46, findElement {using=link text, value=eTicket Login}]
Capabilities {acceptInsecureCerts: false, browserName: chrome, browserVersion: 114.0.5735.134, chrome: {chromedriverVersion: 114.0.5735.90 (386bc09e8f4f..., userDataDir: C:\Users\vjred\AppData\Loca...}, goog:chromeOptions: {debuggerAddress: localhost:50096}, networkConnectionEnabled: false, pageLoadStrategy: normal, platformName: WINDOWS, proxy: Proxy(), se:cdp: ws://localhost:50096/devtoo..., se:cdpVersion: 114.0.5735.134, setWindowRect: true, strictFileInteractability: false, timeouts: {implicit: 0, pageLoad: 300000, script: 30000}, unhandledPromptBehavior: dismiss and notify, webauthn:extension:credBlob: true, webauthn:extension:largeBlob: true, webauthn:extension:minPinLength: true, webauthn:extension:prf: true, webauthn:virtualAuthenticators: true}
Session ID: 41147b75227124b0d84e2e46cbedcc46]]>
            </message>
            <full-stacktrace>
              <![CDATA[org.openqa.selenium.UnhandledAlertException: unexpected alert open: {Alert text : Login Name Already Exist!}
  (Session info: chrome=114.0.5735.134): Login Name Already Exist!
Build info: version: '4.9.0', revision: 'd7057100a6'
System info: os.name: 'Windows 11', os.arch: 'amd64', os.version: '10.0', java.version: '17.0.2'
Driver info: org.openqa.selenium.chrome.ChromeDriver
Command: [41147b75227124b0d84e2e46cbedcc46, findElement {using=link text, value=eTicket Login}]
Capabilities {acceptInsecureCerts: false, browserName: chrome, browserVersion: 114.0.5735.134, chrome: {chromedriverVersion: 114.0.5735.90 (386bc09e8f4f..., userDataDir: C:\Users\vjred\AppData\Loca...}, goog:chromeOptions: {debuggerAddress: localhost:50096}, networkConnectionEnabled: false, pageLoadStrategy: normal, platformName: WINDOWS, proxy: Proxy(), se:cdp: ws://localhost:50096/devtoo..., se:cdpVersion: 114.0.5735.134, setWindowRect: true, strictFileInteractability: false, timeouts: {implicit: 0, pageLoad: 300000, script: 30000}, unhandledPromptBehavior: dismiss and notify, webauthn:extension:credBlob: true, webauthn:extension:largeBlob: true, webauthn:extension:minPinLength: true, webauthn:extension:prf: true, webauthn:virtualAuthenticators: true}
Session ID: 41147b75227124b0d84e2e46cbedcc46
at org.openqa.selenium.remote.codec.w3c.W3CHttpResponseCodec.decode(W3CHttpResponseCodec.java:131)
at org.openqa.selenium.remote.codec.w3c.W3CHttpResponseCodec.decode(W3CHttpResponseCodec.java:53)
at org.openqa.selenium.remote.HttpCommandExecutor.execute(HttpCommandExecutor.java:193)
at org.openqa.selenium.remote.service.DriverCommandExecutor.invokeExecute(DriverCommandExecutor.java:183)
at org.openqa.selenium.remote.service.DriverCommandExecutor.execute(DriverCommandExecutor.java:158)
at org.openqa.selenium.remote.RemoteWebDriver.execute(RemoteWebDriver.java:543)
at org.openqa.selenium.remote.ElementLocation$ElementFinder$2.findElement(ElementLocation.java:162)
at org.openqa.selenium.remote.ElementLocation.findElement(ElementLocation.java:60)
at org.openqa.selenium.remote.RemoteWebDriver.findElement(RemoteWebDriver.java:352)
at org.openqa.selenium.remote.RemoteWebDriver.findElement(RemoteWebDriver.java:344)
at objectRepository.HomePageRepo.EticketLogin(HomePageRepo.java:23)
at test.RegistrationModuleTest.MobileFieldValidation(RegistrationModuleTest.java:85)
at java.base/jdk.internal.reflect.NativeMethodAccessorImpl.invoke0(Native Method)
at java.base/jdk.internal.reflect.NativeMethodAccessorImpl.invoke(NativeMethodAccessorImpl.java:77)
at java.base/jdk.internal.reflect.DelegatingMethodAccessorImpl.invoke(DelegatingMethodAccessorImpl.java:43)
at java.base/java.lang.reflect.Method.invoke(Method.java:568)
at org.testng.internal.invokers.MethodInvocationHelper.invokeMethod(MethodInvocationHelper.java:139)
at org.testng.internal.invokers.TestInvoker.invokeMethod(TestInvoker.java:664)
at org.testng.internal.invokers.TestInvoker.invokeTestMethod(TestInvoker.java:227)
at org.testng.internal.invokers.MethodRunner.runInSequence(MethodRunner.java:50)
at org.testng.internal.invokers.TestInvoker$MethodInvocationAgent.invoke(TestInvoker.java:957)
at org.testng.internal.invokers.TestInvoker.invokeTestMethods(TestInvoker.java:200)
at org.testng.internal.invokers.TestMethodWorker.invokeTestMethods(TestMethodWorker.java:148)
at org.testng.internal.invokers.TestMethodWorker.run(TestMethodWorker.java:128)
at java.base/java.util.ArrayList.forEach(ArrayList.java:1511)
at org.testng.TestRunner.privateRun(TestRunner.java:848)
at org.testng.TestRunner.run(TestRunner.java:621)
at org.testng.SuiteRunner.runTest(SuiteRunner.java:443)
at org.testng.SuiteRunner.runSequentially(SuiteRunner.java:437)
at org.testng.SuiteRunner.privateRun(SuiteRunner.java:397)
at org.testng.SuiteRunner.run(SuiteRunner.java:336)
at org.testng.SuiteRunnerWorker.runSuite(SuiteRunnerWorker.java:52)
at org.testng.SuiteRunnerWorker.run(SuiteRunnerWorker.java:95)
at org.testng.TestNG.runSuitesSequentially(TestNG.java:1280)
at org.testng.TestNG.runSuitesLocally(TestNG.java:1200)
at org.testng.TestNG.runSuites(TestNG.java:1114)
at org.testng.TestNG.run(TestNG.java:1082)
at org.apache.maven.surefire.testng.TestNGExecutor.run(TestNGExecutor.java:283)
at org.apache.maven.surefire.testng.TestNGXmlTestSuite.execute(TestNGXmlTestSuite.java:75)
at org.apache.maven.surefire.testng.TestNGProvider.invoke(TestNGProvider.java:120)
at org.apache.maven.surefire.booter.ForkedBooter.invokeProviderInSameClassLoader(ForkedBooter.java:384)
at org.apache.maven.surefire.booter.ForkedBooter.runSuitesInProcess(ForkedBooter.java:345)
at org.apache.maven.surefire.booter.ForkedBooter.execute(ForkedBooter.java:126)
at org.apache.maven.surefire.booter.ForkedBooter.main(ForkedBooter.java:418)
]]>
            </full-stacktrace>
          </exception> <!-- org.openqa.selenium.UnhandledAlertException -->
          <reporter-output>
          </reporter-output>
        </test-method> <!-- MobileFieldValidation -->
      </class> <!-- test.RegistrationModuleTest -->
    </test> <!-- Test -->
  </suite> <!-- Suite -->
</testng-results>
